<?xml version="1.0" encoding="UTF-8"?>
<TestRun id="bdd2c02c-77e1-4297-a8b3-07ba09f1097f" name="ABaczyk@ABACZYK 2013-01-29 10:44:49" runUser="DCI\ABaczyk" xmlns="http://microsoft.com/schemas/VisualStudio/TeamTest/2010">
  <TestSettings name="Local" id="77597913-2622-4228-97d5-b11d46f6b770">
    <Description>These are default test settings for a local test run.</Description>
    <Deployment enabled="false" runDeploymentRoot="ABaczyk_ABACZYK 2013-01-29 10_44_49">
      <DeploymentItem filename="C:\Users\abaczyk\documents\visual studio 2010\Projects\DataStructures\LinkedLists\bin\Debug\LinkedLists.exe" />
    </Deployment>
    <Execution>
      <TestTypeSpecific />
      <AgentRule name="Execution Agents">
      </AgentRule>
    </Execution>
  </TestSettings>
  <Times creation="2013-01-29T10:44:49.7601802-05:00" queuing="2013-01-29T10:44:49.7851802-05:00" start="2013-01-29T10:44:49.7891802-05:00" finish="2013-01-29T10:44:50.0141802-05:00" />
  <ResultSummary outcome="Completed">
    <Counters total="1" executed="1" passed="1" error="0" failed="0" timeout="0" aborted="0" inconclusive="0" passedButRunAborted="0" notRunnable="0" notExecuted="0" disconnected="0" warning="0" completed="0" inProgress="0" pending="0" />
  </ResultSummary>
  <TestDefinitions>
    <UnitTest name="SingleLinkedListConstructorTest" storage="c:\users\abaczyk\documents\visual studio 2010\projects\datastructures\singlelinkedlisttest\bin\debug\singlelinkedlisttest.dll" id="c0ed2b7a-1002-ba1b-d79d-71c3e99ee85c">
      <Execution id="bcd04f20-aea3-40ed-b33f-9a501ce4e57f" />
      <TestMethod codeBase="C:/Users/abaczyk/documents/visual studio 2010/Projects/DataStructures/SingleLinkedListTest/bin/Debug/SingleLinkedListTest.DLL" adapterTypeName="Microsoft.VisualStudio.TestTools.TestTypes.Unit.UnitTestAdapter, Microsoft.VisualStudio.QualityTools.Tips.UnitTest.Adapter, Version=10.0.0.0, Culture=neutral, PublicKeyToken=b03f5f7f11d50a3a" className="SingleLinkedListTest.SingleLinkedListTest, SingleLinkedListTest, Version=1.0.0.0, Culture=neutral, PublicKeyToken=null" name="SingleLinkedListConstructorTest" />
    </UnitTest>
  </TestDefinitions>
  <TestLists>
    <TestList name="Results Not in a List" id="8c84fa94-04c1-424b-9868-57a2d4851a1d" />
    <TestList name="All Loaded Results" id="19431567-8539-422a-85d7-44ee4e166bda" />
  </TestLists>
  <TestEntries>
    <TestEntry testId="c0ed2b7a-1002-ba1b-d79d-71c3e99ee85c" executionId="bcd04f20-aea3-40ed-b33f-9a501ce4e57f" testListId="8c84fa94-04c1-424b-9868-57a2d4851a1d" />
  </TestEntries>
  <Results>
    <UnitTestResult executionId="bcd04f20-aea3-40ed-b33f-9a501ce4e57f" testId="c0ed2b7a-1002-ba1b-d79d-71c3e99ee85c" testName="SingleLinkedListConstructorTest" computerName="ABACZYK" duration="00:00:00.0118214" startTime="2013-01-29T10:44:49.8061802-05:00" endTime="2013-01-29T10:44:49.9841802-05:00" testType="13cdc9d9-ddb5-4fa4-a97d-d965ccfc6d4b" outcome="Passed" testListId="8c84fa94-04c1-424b-9868-57a2d4851a1d" relativeResultsDirectory="bcd04f20-aea3-40ed-b33f-9a501ce4e57f">
    </UnitTestResult>
  </Results>
</TestRun>