<?xml version="1.0" encoding="UTF-8"?>
<TestRun id="7d352175-3fa1-43d7-be02-66d2bacab12b" name="ABaczyk@ABACZYK 2013-01-29 11:24:24" runUser="DCI\ABaczyk" xmlns="http://microsoft.com/schemas/VisualStudio/TeamTest/2010">
  <TestSettings name="Local" id="77597913-2622-4228-97d5-b11d46f6b770">
    <Description>These are default test settings for a local test run.</Description>
    <Deployment enabled="false" runDeploymentRoot="ABaczyk_ABACZYK 2013-01-29 11_24_24">
      <DeploymentItem filename="C:\Users\abaczyk\documents\visual studio 2010\Projects\DataStructures\LinkedLists\bin\Debug\LinkedLists.exe" />
    </Deployment>
    <Execution>
      <TestTypeSpecific />
      <AgentRule name="Execution Agents">
      </AgentRule>
    </Execution>
  </TestSettings>
  <Times creation="2013-01-29T11:24:24.2911819-05:00" queuing="2013-01-29T11:24:24.3161819-05:00" start="2013-01-29T11:24:24.3211819-05:00" finish="2013-01-29T11:24:24.5201819-05:00" />
  <ResultSummary outcome="Completed">
    <Counters total="5" executed="5" passed="5" error="0" failed="0" timeout="0" aborted="0" inconclusive="0" passedButRunAborted="0" notRunnable="0" notExecuted="0" disconnected="0" warning="0" completed="0" inProgress="0" pending="0" />
  </ResultSummary>
  <TestDefinitions>
    <UnitTest name="SingleLinkedListConstructorTest1" storage="c:\users\abaczyk\documents\visual studio 2010\projects\datastructures\singlelinkedlisttest\bin\debug\singlelinkedlisttest.dll" id="b4806e03-c1fd-80ca-c3e0-dd6108ff14cf">
      <Execution id="305c75a1-c353-4b56-8775-f2243291931c" />
      <TestMethod codeBase="C:/Users/abaczyk/documents/visual studio 2010/Projects/DataStructures/SingleLinkedListTest/bin/Debug/SingleLinkedListTest.DLL" adapterTypeName="Microsoft.VisualStudio.TestTools.TestTypes.Unit.UnitTestAdapter, Microsoft.VisualStudio.QualityTools.Tips.UnitTest.Adapter, Version=10.0.0.0, Culture=neutral, PublicKeyToken=b03f5f7f11d50a3a" className="SingleLinkedListTest.SingleLinkedListTest, SingleLinkedListTest, Version=1.0.0.0, Culture=neutral, PublicKeyToken=null" name="SingleLinkedListConstructorTest1" />
    </UnitTest>
    <UnitTest name="SingleLinkedListConstructorTest" storage="c:\users\abaczyk\documents\visual studio 2010\projects\datastructures\singlelinkedlisttest\bin\debug\singlelinkedlisttest.dll" id="c0ed2b7a-1002-ba1b-d79d-71c3e99ee85c">
      <Execution id="7174b0f0-3311-4f80-9663-7ce9a273a75b" />
      <TestMethod codeBase="C:/Users/abaczyk/documents/visual studio 2010/Projects/DataStructures/SingleLinkedListTest/bin/Debug/SingleLinkedListTest.DLL" adapterTypeName="Microsoft.VisualStudio.TestTools.TestTypes.Unit.UnitTestAdapter, Microsoft.VisualStudio.QualityTools.Tips.UnitTest.Adapter, Version=10.0.0.0, Culture=neutral, PublicKeyToken=b03f5f7f11d50a3a" className="SingleLinkedListTest.SingleLinkedListTest, SingleLinkedListTest, Version=1.0.0.0, Culture=neutral, PublicKeyToken=null" name="SingleLinkedListConstructorTest" />
    </UnitTest>
    <UnitTest name="RemoveNodeTest" storage="c:\users\abaczyk\documents\visual studio 2010\projects\datastructures\singlelinkedlisttest\bin\debug\singlelinkedlisttest.dll" id="29b0ca97-3cb5-9d24-a8a0-1dc3f000abb4">
      <Execution id="7e1174e2-e345-4c5a-9e0e-462d06e11300" />
      <TestMethod codeBase="C:/Users/abaczyk/documents/visual studio 2010/Projects/DataStructures/SingleLinkedListTest/bin/Debug/SingleLinkedListTest.DLL" adapterTypeName="Microsoft.VisualStudio.TestTools.TestTypes.Unit.UnitTestAdapter, Microsoft.VisualStudio.QualityTools.Tips.UnitTest.Adapter, Version=10.0.0.0, Culture=neutral, PublicKeyToken=b03f5f7f11d50a3a" className="SingleLinkedListTest.SingleLinkedListTest, SingleLinkedListTest, Version=1.0.0.0, Culture=neutral, PublicKeyToken=null" name="RemoveNodeTest" />
    </UnitTest>
    <UnitTest name="FindNodeTest" storage="c:\users\abaczyk\documents\visual studio 2010\projects\datastructures\singlelinkedlisttest\bin\debug\singlelinkedlisttest.dll" id="fb0fc586-be16-4463-8126-15255a51b0a4">
      <Execution id="e6eb8603-ee42-4496-a3c9-84db38ef69ee" />
      <TestMethod codeBase="C:/Users/abaczyk/documents/visual studio 2010/Projects/DataStructures/SingleLinkedListTest/bin/Debug/SingleLinkedListTest.DLL" adapterTypeName="Microsoft.VisualStudio.TestTools.TestTypes.Unit.UnitTestAdapter, Microsoft.VisualStudio.QualityTools.Tips.UnitTest.Adapter, Version=10.0.0.0, Culture=neutral, PublicKeyToken=b03f5f7f11d50a3a" className="SingleLinkedListTest.SingleLinkedListTest, SingleLinkedListTest, Version=1.0.0.0, Culture=neutral, PublicKeyToken=null" name="FindNodeTest" />
    </UnitTest>
    <UnitTest name="AddNewNodeTest" storage="c:\users\abaczyk\documents\visual studio 2010\projects\datastructures\singlelinkedlisttest\bin\debug\singlelinkedlisttest.dll" id="3c4c63c0-8fc2-7b44-504a-8064f4eabbfe">
      <Execution id="93438c8f-f060-44b7-a77c-1936a32bd282" />
      <TestMethod codeBase="C:/Users/abaczyk/documents/visual studio 2010/Projects/DataStructures/SingleLinkedListTest/bin/Debug/SingleLinkedListTest.DLL" adapterTypeName="Microsoft.VisualStudio.TestTools.TestTypes.Unit.UnitTestAdapter, Microsoft.VisualStudio.QualityTools.Tips.UnitTest.Adapter, Version=10.0.0.0, Culture=neutral, PublicKeyToken=b03f5f7f11d50a3a" className="SingleLinkedListTest.SingleLinkedListTest, SingleLinkedListTest, Version=1.0.0.0, Culture=neutral, PublicKeyToken=null" name="AddNewNodeTest" />
    </UnitTest>
  </TestDefinitions>
  <TestLists>
    <TestList name="Results Not in a List" id="8c84fa94-04c1-424b-9868-57a2d4851a1d" />
    <TestList name="All Loaded Results" id="19431567-8539-422a-85d7-44ee4e166bda" />
  </TestLists>
  <TestEntries>
    <TestEntry testId="29b0ca97-3cb5-9d24-a8a0-1dc3f000abb4" executionId="7e1174e2-e345-4c5a-9e0e-462d06e11300" testListId="8c84fa94-04c1-424b-9868-57a2d4851a1d" />
    <TestEntry testId="3c4c63c0-8fc2-7b44-504a-8064f4eabbfe" executionId="93438c8f-f060-44b7-a77c-1936a32bd282" testListId="8c84fa94-04c1-424b-9868-57a2d4851a1d" />
    <TestEntry testId="b4806e03-c1fd-80ca-c3e0-dd6108ff14cf" executionId="305c75a1-c353-4b56-8775-f2243291931c" testListId="8c84fa94-04c1-424b-9868-57a2d4851a1d" />
    <TestEntry testId="c0ed2b7a-1002-ba1b-d79d-71c3e99ee85c" executionId="7174b0f0-3311-4f80-9663-7ce9a273a75b" testListId="8c84fa94-04c1-424b-9868-57a2d4851a1d" />
    <TestEntry testId="fb0fc586-be16-4463-8126-15255a51b0a4" executionId="e6eb8603-ee42-4496-a3c9-84db38ef69ee" testListId="8c84fa94-04c1-424b-9868-57a2d4851a1d" />
  </TestEntries>
  <Results>
    <UnitTestResult executionId="7e1174e2-e345-4c5a-9e0e-462d06e11300" testId="29b0ca97-3cb5-9d24-a8a0-1dc3f000abb4" testName="RemoveNodeTest" computerName="ABACZYK" duration="00:00:00.0117983" startTime="2013-01-29T11:24:24.3241819-05:00" endTime="2013-01-29T11:24:24.4921819-05:00" testType="13cdc9d9-ddb5-4fa4-a97d-d965ccfc6d4b" outcome="Passed" testListId="8c84fa94-04c1-424b-9868-57a2d4851a1d" relativeResultsDirectory="7e1174e2-e345-4c5a-9e0e-462d06e11300">
    </UnitTestResult>
    <UnitTestResult executionId="93438c8f-f060-44b7-a77c-1936a32bd282" testId="3c4c63c0-8fc2-7b44-504a-8064f4eabbfe" testName="AddNewNodeTest" computerName="ABACZYK" duration="00:00:00.0001885" startTime="2013-01-29T11:24:24.4941819-05:00" endTime="2013-01-29T11:24:24.4961819-05:00" testType="13cdc9d9-ddb5-4fa4-a97d-d965ccfc6d4b" outcome="Passed" testListId="8c84fa94-04c1-424b-9868-57a2d4851a1d" relativeResultsDirectory="93438c8f-f060-44b7-a77c-1936a32bd282">
    </UnitTestResult>
    <UnitTestResult executionId="305c75a1-c353-4b56-8775-f2243291931c" testId="b4806e03-c1fd-80ca-c3e0-dd6108ff14cf" testName="SingleLinkedListConstructorTest1" computerName="ABACZYK" duration="00:00:00.0002236" startTime="2013-01-29T11:24:24.4981819-05:00" endTime="2013-01-29T11:24:24.5001819-05:00" testType="13cdc9d9-ddb5-4fa4-a97d-d965ccfc6d4b" outcome="Passed" testListId="8c84fa94-04c1-424b-9868-57a2d4851a1d" relativeResultsDirectory="305c75a1-c353-4b56-8775-f2243291931c">
    </UnitTestResult>
    <UnitTestResult executionId="7174b0f0-3311-4f80-9663-7ce9a273a75b" testId="c0ed2b7a-1002-ba1b-d79d-71c3e99ee85c" testName="SingleLinkedListConstructorTest" computerName="ABACZYK" duration="00:00:00.0002788" startTime="2013-01-29T11:24:24.5021819-05:00" endTime="2013-01-29T11:24:24.5041819-05:00" testType="13cdc9d9-ddb5-4fa4-a97d-d965ccfc6d4b" outcome="Passed" testListId="8c84fa94-04c1-424b-9868-57a2d4851a1d" relativeResultsDirectory="7174b0f0-3311-4f80-9663-7ce9a273a75b">
    </UnitTestResult>
    <UnitTestResult executionId="e6eb8603-ee42-4496-a3c9-84db38ef69ee" testId="fb0fc586-be16-4463-8126-15255a51b0a4" testName="FindNodeTest" computerName="ABACZYK" duration="00:00:00.0003164" startTime="2013-01-29T11:24:24.5071819-05:00" endTime="2013-01-29T11:24:24.5091819-05:00" testType="13cdc9d9-ddb5-4fa4-a97d-d965ccfc6d4b" outcome="Passed" testListId="8c84fa94-04c1-424b-9868-57a2d4851a1d" relativeResultsDirectory="e6eb8603-ee42-4496-a3c9-84db38ef69ee">
    </UnitTestResult>
  </Results>
</TestRun>