<?xml version="1.0" encoding="UTF-8"?>
<TestRun id="ef12530f-43a3-4449-93bf-8bc903e78ada" name="ABaczyk@ABACZYK 2013-01-29 10:40:07" runUser="DCI\ABaczyk" xmlns="http://microsoft.com/schemas/VisualStudio/TeamTest/2010">
  <TestSettings name="Local" id="77597913-2622-4228-97d5-b11d46f6b770">
    <Description>These are default test settings for a local test run.</Description>
    <Deployment enabled="false" runDeploymentRoot="ABaczyk_ABACZYK 2013-01-29 10_40_07">
      <DeploymentItem filename="C:\Users\abaczyk\documents\visual studio 2010\Projects\DataStructures\LinkedLists\bin\Debug\LinkedLists.exe" />
    </Deployment>
    <Execution>
      <TestTypeSpecific />
      <AgentRule name="Execution Agents">
      </AgentRule>
    </Execution>
  </TestSettings>
  <Times creation="2013-01-29T10:40:07.2411802-05:00" queuing="2013-01-29T10:40:08.8401802-05:00" start="2013-01-29T10:40:08.9481802-05:00" finish="2013-01-29T10:40:09.5341802-05:00" />
  <ResultSummary outcome="Inconclusive">
    <Counters total="5" executed="5" passed="1" error="0" failed="0" timeout="0" aborted="0" inconclusive="4" passedButRunAborted="0" notRunnable="0" notExecuted="0" disconnected="0" warning="0" completed="0" inProgress="0" pending="0" />
  </ResultSummary>
  <TestDefinitions>
    <UnitTest name="SingleLinkedListConstructorTest1" storage="c:\users\abaczyk\documents\visual studio 2010\projects\datastructures\singlelinkedlisttest\bin\debug\singlelinkedlisttest.dll" id="b4806e03-c1fd-80ca-c3e0-dd6108ff14cf">
      <Execution id="8d265aa1-110b-4516-a915-d0cad7ba56f5" />
      <TestMethod codeBase="C:/Users/abaczyk/documents/visual studio 2010/Projects/DataStructures/SingleLinkedListTest/bin/Debug/SingleLinkedListTest.DLL" adapterTypeName="Microsoft.VisualStudio.TestTools.TestTypes.Unit.UnitTestAdapter, Microsoft.VisualStudio.QualityTools.Tips.UnitTest.Adapter, Version=10.0.0.0, Culture=neutral, PublicKeyToken=b03f5f7f11d50a3a" className="SingleLinkedListTest.SingleLinkedListTest, SingleLinkedListTest, Version=1.0.0.0, Culture=neutral, PublicKeyToken=null" name="SingleLinkedListConstructorTest1" />
    </UnitTest>
    <UnitTest name="SingleLinkedListConstructorTest" storage="c:\users\abaczyk\documents\visual studio 2010\projects\datastructures\singlelinkedlisttest\bin\debug\singlelinkedlisttest.dll" id="c0ed2b7a-1002-ba1b-d79d-71c3e99ee85c">
      <Execution id="44cd4f9e-382f-4d54-a815-025d237e79cb" />
      <TestMethod codeBase="C:/Users/abaczyk/documents/visual studio 2010/Projects/DataStructures/SingleLinkedListTest/bin/Debug/SingleLinkedListTest.DLL" adapterTypeName="Microsoft.VisualStudio.TestTools.TestTypes.Unit.UnitTestAdapter, Microsoft.VisualStudio.QualityTools.Tips.UnitTest.Adapter, Version=10.0.0.0, Culture=neutral, PublicKeyToken=b03f5f7f11d50a3a" className="SingleLinkedListTest.SingleLinkedListTest, SingleLinkedListTest, Version=1.0.0.0, Culture=neutral, PublicKeyToken=null" name="SingleLinkedListConstructorTest" />
    </UnitTest>
    <UnitTest name="RemoveNodeTest" storage="c:\users\abaczyk\documents\visual studio 2010\projects\datastructures\singlelinkedlisttest\bin\debug\singlelinkedlisttest.dll" id="29b0ca97-3cb5-9d24-a8a0-1dc3f000abb4">
      <Execution id="c34f155a-c596-44ae-8c63-1e24147f82d6" />
      <TestMethod codeBase="C:/Users/abaczyk/documents/visual studio 2010/Projects/DataStructures/SingleLinkedListTest/bin/Debug/SingleLinkedListTest.DLL" adapterTypeName="Microsoft.VisualStudio.TestTools.TestTypes.Unit.UnitTestAdapter, Microsoft.VisualStudio.QualityTools.Tips.UnitTest.Adapter, Version=10.0.0.0, Culture=neutral, PublicKeyToken=b03f5f7f11d50a3a" className="SingleLinkedListTest.SingleLinkedListTest, SingleLinkedListTest, Version=1.0.0.0, Culture=neutral, PublicKeyToken=null" name="RemoveNodeTest" />
    </UnitTest>
    <UnitTest name="FindNodeTest" storage="c:\users\abaczyk\documents\visual studio 2010\projects\datastructures\singlelinkedlisttest\bin\debug\singlelinkedlisttest.dll" id="fb0fc586-be16-4463-8126-15255a51b0a4">
      <Execution id="43708af1-da51-4996-9c6a-b250eed1ea46" />
      <TestMethod codeBase="C:/Users/abaczyk/documents/visual studio 2010/Projects/DataStructures/SingleLinkedListTest/bin/Debug/SingleLinkedListTest.DLL" adapterTypeName="Microsoft.VisualStudio.TestTools.TestTypes.Unit.UnitTestAdapter, Microsoft.VisualStudio.QualityTools.Tips.UnitTest.Adapter, Version=10.0.0.0, Culture=neutral, PublicKeyToken=b03f5f7f11d50a3a" className="SingleLinkedListTest.SingleLinkedListTest, SingleLinkedListTest, Version=1.0.0.0, Culture=neutral, PublicKeyToken=null" name="FindNodeTest" />
    </UnitTest>
    <UnitTest name="AddNewNodeTest" storage="c:\users\abaczyk\documents\visual studio 2010\projects\datastructures\singlelinkedlisttest\bin\debug\singlelinkedlisttest.dll" id="3c4c63c0-8fc2-7b44-504a-8064f4eabbfe">
      <Execution id="0a9d9dcc-1718-47b0-8d46-5103d9a2f59e" />
      <TestMethod codeBase="C:/Users/abaczyk/documents/visual studio 2010/Projects/DataStructures/SingleLinkedListTest/bin/Debug/SingleLinkedListTest.DLL" adapterTypeName="Microsoft.VisualStudio.TestTools.TestTypes.Unit.UnitTestAdapter, Microsoft.VisualStudio.QualityTools.Tips.UnitTest.Adapter, Version=10.0.0.0, Culture=neutral, PublicKeyToken=b03f5f7f11d50a3a" className="SingleLinkedListTest.SingleLinkedListTest, SingleLinkedListTest, Version=1.0.0.0, Culture=neutral, PublicKeyToken=null" name="AddNewNodeTest" />
    </UnitTest>
  </TestDefinitions>
  <TestLists>
    <TestList name="Results Not in a List" id="8c84fa94-04c1-424b-9868-57a2d4851a1d" />
    <TestList name="All Loaded Results" id="19431567-8539-422a-85d7-44ee4e166bda" />
  </TestLists>
  <TestEntries>
    <TestEntry testId="29b0ca97-3cb5-9d24-a8a0-1dc3f000abb4" executionId="c34f155a-c596-44ae-8c63-1e24147f82d6" testListId="8c84fa94-04c1-424b-9868-57a2d4851a1d" />
    <TestEntry testId="3c4c63c0-8fc2-7b44-504a-8064f4eabbfe" executionId="0a9d9dcc-1718-47b0-8d46-5103d9a2f59e" testListId="8c84fa94-04c1-424b-9868-57a2d4851a1d" />
    <TestEntry testId="b4806e03-c1fd-80ca-c3e0-dd6108ff14cf" executionId="8d265aa1-110b-4516-a915-d0cad7ba56f5" testListId="8c84fa94-04c1-424b-9868-57a2d4851a1d" />
    <TestEntry testId="c0ed2b7a-1002-ba1b-d79d-71c3e99ee85c" executionId="44cd4f9e-382f-4d54-a815-025d237e79cb" testListId="8c84fa94-04c1-424b-9868-57a2d4851a1d" />
    <TestEntry testId="fb0fc586-be16-4463-8126-15255a51b0a4" executionId="43708af1-da51-4996-9c6a-b250eed1ea46" testListId="8c84fa94-04c1-424b-9868-57a2d4851a1d" />
  </TestEntries>
  <Results>
    <UnitTestResult executionId="c34f155a-c596-44ae-8c63-1e24147f82d6" testId="29b0ca97-3cb5-9d24-a8a0-1dc3f000abb4" testName="RemoveNodeTest" computerName="ABACZYK" duration="00:00:00.1282173" startTime="2013-01-29T10:40:08.9711802-05:00" endTime="2013-01-29T10:40:09.4501802-05:00" testType="13cdc9d9-ddb5-4fa4-a97d-d965ccfc6d4b" outcome="Inconclusive" testListId="8c84fa94-04c1-424b-9868-57a2d4851a1d" relativeResultsDirectory="c34f155a-c596-44ae-8c63-1e24147f82d6">
      <Output>
        <ErrorInfo>
          <Message>Assert.Inconclusive failed. A method that does not return a value cannot be verified.</Message>
          <StackTrace>   at SingleLinkedListTest.SingleLinkedListTest.RemoveNodeTest() in C:\Users\abaczyk\documents\visual studio 2010\Projects\DataStructures\SingleLinkedListTest\SingleLinkedListTest.cs:line 123
</StackTrace>
        </ErrorInfo>
      </Output>
    </UnitTestResult>
    <UnitTestResult executionId="0a9d9dcc-1718-47b0-8d46-5103d9a2f59e" testId="3c4c63c0-8fc2-7b44-504a-8064f4eabbfe" testName="AddNewNodeTest" computerName="ABACZYK" duration="00:00:00.0007680" startTime="2013-01-29T10:40:09.4571802-05:00" endTime="2013-01-29T10:40:09.4611802-05:00" testType="13cdc9d9-ddb5-4fa4-a97d-d965ccfc6d4b" outcome="Inconclusive" testListId="8c84fa94-04c1-424b-9868-57a2d4851a1d" relativeResultsDirectory="0a9d9dcc-1718-47b0-8d46-5103d9a2f59e">
      <Output>
        <ErrorInfo>
          <Message>Assert.Inconclusive failed. A method that does not return a value cannot be verified.</Message>
          <StackTrace>   at SingleLinkedListTest.SingleLinkedListTest.AddNewNodeTest() in C:\Users\abaczyk\documents\visual studio 2010\Projects\DataStructures\SingleLinkedListTest\SingleLinkedListTest.cs:line 96
</StackTrace>
        </ErrorInfo>
      </Output>
    </UnitTestResult>
    <UnitTestResult executionId="8d265aa1-110b-4516-a915-d0cad7ba56f5" testId="b4806e03-c1fd-80ca-c3e0-dd6108ff14cf" testName="SingleLinkedListConstructorTest1" computerName="ABACZYK" duration="00:00:00.0004956" startTime="2013-01-29T10:40:09.4631802-05:00" endTime="2013-01-29T10:40:09.4651802-05:00" testType="13cdc9d9-ddb5-4fa4-a97d-d965ccfc6d4b" outcome="Inconclusive" testListId="8c84fa94-04c1-424b-9868-57a2d4851a1d" relativeResultsDirectory="8d265aa1-110b-4516-a915-d0cad7ba56f5">
      <Output>
        <ErrorInfo>
          <Message>Assert.Inconclusive failed. TODO: Implement code to verify target</Message>
          <StackTrace>   at SingleLinkedListTest.SingleLinkedListTest.SingleLinkedListConstructorTest1() in C:\Users\abaczyk\documents\visual studio 2010\Projects\DataStructures\SingleLinkedListTest\SingleLinkedListTest.cs:line 84
</StackTrace>
        </ErrorInfo>
      </Output>
    </UnitTestResult>
    <UnitTestResult executionId="44cd4f9e-382f-4d54-a815-025d237e79cb" testId="c0ed2b7a-1002-ba1b-d79d-71c3e99ee85c" testName="SingleLinkedListConstructorTest" computerName="ABACZYK" duration="00:00:00.0003258" startTime="2013-01-29T10:40:09.4671802-05:00" endTime="2013-01-29T10:40:09.4691802-05:00" testType="13cdc9d9-ddb5-4fa4-a97d-d965ccfc6d4b" outcome="Passed" testListId="8c84fa94-04c1-424b-9868-57a2d4851a1d" relativeResultsDirectory="44cd4f9e-382f-4d54-a815-025d237e79cb">
    </UnitTestResult>
    <UnitTestResult executionId="43708af1-da51-4996-9c6a-b250eed1ea46" testId="fb0fc586-be16-4463-8126-15255a51b0a4" testName="FindNodeTest" computerName="ABACZYK" duration="00:00:00.0012773" startTime="2013-01-29T10:40:09.4711802-05:00" endTime="2013-01-29T10:40:09.4741802-05:00" testType="13cdc9d9-ddb5-4fa4-a97d-d965ccfc6d4b" outcome="Inconclusive" testListId="8c84fa94-04c1-424b-9868-57a2d4851a1d" relativeResultsDirectory="43708af1-da51-4996-9c6a-b250eed1ea46">
      <Output>
        <ErrorInfo>
          <Message>Assert.Inconclusive failed. Verify the correctness of this test method.</Message>
          <StackTrace>   at SingleLinkedListTest.SingleLinkedListTest.FindNodeTest() in C:\Users\abaczyk\documents\visual studio 2010\Projects\DataStructures\SingleLinkedListTest\SingleLinkedListTest.cs:line 111
</StackTrace>
        </ErrorInfo>
      </Output>
    </UnitTestResult>
  </Results>
</TestRun>