<?xml version="1.0" encoding="UTF-8"?>
<TestRun id="bccb65fa-9ca8-455e-81d2-2a78674d18e4" name="ABaczyk@ABACZYK 2013-01-29 10:45:01" runUser="DCI\ABaczyk" xmlns="http://microsoft.com/schemas/VisualStudio/TeamTest/2010">
  <TestSettings name="Local" id="77597913-2622-4228-97d5-b11d46f6b770">
    <Description>These are default test settings for a local test run.</Description>
    <Deployment enabled="false" runDeploymentRoot="ABaczyk_ABACZYK 2013-01-29 10_45_01">
      <DeploymentItem filename="C:\Users\abaczyk\documents\visual studio 2010\Projects\DataStructures\LinkedLists\bin\Debug\LinkedLists.exe" />
    </Deployment>
    <Execution>
      <TestTypeSpecific />
      <AgentRule name="Execution Agents">
      </AgentRule>
    </Execution>
  </TestSettings>
  <Times creation="2013-01-29T10:45:01.5311802-05:00" queuing="2013-01-29T10:45:01.5591802-05:00" start="2013-01-29T10:45:01.5631802-05:00" finish="2013-01-29T10:45:01.7801802-05:00" />
  <ResultSummary outcome="Inconclusive">
    <Counters total="5" executed="5" passed="2" error="0" failed="0" timeout="0" aborted="0" inconclusive="3" passedButRunAborted="0" notRunnable="0" notExecuted="0" disconnected="0" warning="0" completed="0" inProgress="0" pending="0" />
  </ResultSummary>
  <TestDefinitions>
    <UnitTest name="SingleLinkedListConstructorTest1" storage="c:\users\abaczyk\documents\visual studio 2010\projects\datastructures\singlelinkedlisttest\bin\debug\singlelinkedlisttest.dll" id="b4806e03-c1fd-80ca-c3e0-dd6108ff14cf">
      <Execution id="1c173f4e-4566-472c-99c0-88445ad5196f" />
      <TestMethod codeBase="C:/Users/abaczyk/documents/visual studio 2010/Projects/DataStructures/SingleLinkedListTest/bin/Debug/SingleLinkedListTest.DLL" adapterTypeName="Microsoft.VisualStudio.TestTools.TestTypes.Unit.UnitTestAdapter, Microsoft.VisualStudio.QualityTools.Tips.UnitTest.Adapter, Version=10.0.0.0, Culture=neutral, PublicKeyToken=b03f5f7f11d50a3a" className="SingleLinkedListTest.SingleLinkedListTest, SingleLinkedListTest, Version=1.0.0.0, Culture=neutral, PublicKeyToken=null" name="SingleLinkedListConstructorTest1" />
    </UnitTest>
    <UnitTest name="SingleLinkedListConstructorTest" storage="c:\users\abaczyk\documents\visual studio 2010\projects\datastructures\singlelinkedlisttest\bin\debug\singlelinkedlisttest.dll" id="c0ed2b7a-1002-ba1b-d79d-71c3e99ee85c">
      <Execution id="07161342-3c85-4e06-abcb-c47c61a0a4b0" />
      <TestMethod codeBase="C:/Users/abaczyk/documents/visual studio 2010/Projects/DataStructures/SingleLinkedListTest/bin/Debug/SingleLinkedListTest.DLL" adapterTypeName="Microsoft.VisualStudio.TestTools.TestTypes.Unit.UnitTestAdapter, Microsoft.VisualStudio.QualityTools.Tips.UnitTest.Adapter, Version=10.0.0.0, Culture=neutral, PublicKeyToken=b03f5f7f11d50a3a" className="SingleLinkedListTest.SingleLinkedListTest, SingleLinkedListTest, Version=1.0.0.0, Culture=neutral, PublicKeyToken=null" name="SingleLinkedListConstructorTest" />
    </UnitTest>
    <UnitTest name="RemoveNodeTest" storage="c:\users\abaczyk\documents\visual studio 2010\projects\datastructures\singlelinkedlisttest\bin\debug\singlelinkedlisttest.dll" id="29b0ca97-3cb5-9d24-a8a0-1dc3f000abb4">
      <Execution id="c9aa5fad-f178-4c6f-ac9d-3d8c22366dc4" />
      <TestMethod codeBase="C:/Users/abaczyk/documents/visual studio 2010/Projects/DataStructures/SingleLinkedListTest/bin/Debug/SingleLinkedListTest.DLL" adapterTypeName="Microsoft.VisualStudio.TestTools.TestTypes.Unit.UnitTestAdapter, Microsoft.VisualStudio.QualityTools.Tips.UnitTest.Adapter, Version=10.0.0.0, Culture=neutral, PublicKeyToken=b03f5f7f11d50a3a" className="SingleLinkedListTest.SingleLinkedListTest, SingleLinkedListTest, Version=1.0.0.0, Culture=neutral, PublicKeyToken=null" name="RemoveNodeTest" />
    </UnitTest>
    <UnitTest name="FindNodeTest" storage="c:\users\abaczyk\documents\visual studio 2010\projects\datastructures\singlelinkedlisttest\bin\debug\singlelinkedlisttest.dll" id="fb0fc586-be16-4463-8126-15255a51b0a4">
      <Execution id="c6883533-4aa9-4fdf-a117-2f3fd648226e" />
      <TestMethod codeBase="C:/Users/abaczyk/documents/visual studio 2010/Projects/DataStructures/SingleLinkedListTest/bin/Debug/SingleLinkedListTest.DLL" adapterTypeName="Microsoft.VisualStudio.TestTools.TestTypes.Unit.UnitTestAdapter, Microsoft.VisualStudio.QualityTools.Tips.UnitTest.Adapter, Version=10.0.0.0, Culture=neutral, PublicKeyToken=b03f5f7f11d50a3a" className="SingleLinkedListTest.SingleLinkedListTest, SingleLinkedListTest, Version=1.0.0.0, Culture=neutral, PublicKeyToken=null" name="FindNodeTest" />
    </UnitTest>
    <UnitTest name="AddNewNodeTest" storage="c:\users\abaczyk\documents\visual studio 2010\projects\datastructures\singlelinkedlisttest\bin\debug\singlelinkedlisttest.dll" id="3c4c63c0-8fc2-7b44-504a-8064f4eabbfe">
      <Execution id="750d260b-2c72-4daf-8aef-42cda4181870" />
      <TestMethod codeBase="C:/Users/abaczyk/documents/visual studio 2010/Projects/DataStructures/SingleLinkedListTest/bin/Debug/SingleLinkedListTest.DLL" adapterTypeName="Microsoft.VisualStudio.TestTools.TestTypes.Unit.UnitTestAdapter, Microsoft.VisualStudio.QualityTools.Tips.UnitTest.Adapter, Version=10.0.0.0, Culture=neutral, PublicKeyToken=b03f5f7f11d50a3a" className="SingleLinkedListTest.SingleLinkedListTest, SingleLinkedListTest, Version=1.0.0.0, Culture=neutral, PublicKeyToken=null" name="AddNewNodeTest" />
    </UnitTest>
  </TestDefinitions>
  <TestLists>
    <TestList name="Results Not in a List" id="8c84fa94-04c1-424b-9868-57a2d4851a1d" />
    <TestList name="All Loaded Results" id="19431567-8539-422a-85d7-44ee4e166bda" />
  </TestLists>
  <TestEntries>
    <TestEntry testId="29b0ca97-3cb5-9d24-a8a0-1dc3f000abb4" executionId="c9aa5fad-f178-4c6f-ac9d-3d8c22366dc4" testListId="8c84fa94-04c1-424b-9868-57a2d4851a1d" />
    <TestEntry testId="3c4c63c0-8fc2-7b44-504a-8064f4eabbfe" executionId="750d260b-2c72-4daf-8aef-42cda4181870" testListId="8c84fa94-04c1-424b-9868-57a2d4851a1d" />
    <TestEntry testId="b4806e03-c1fd-80ca-c3e0-dd6108ff14cf" executionId="1c173f4e-4566-472c-99c0-88445ad5196f" testListId="8c84fa94-04c1-424b-9868-57a2d4851a1d" />
    <TestEntry testId="c0ed2b7a-1002-ba1b-d79d-71c3e99ee85c" executionId="07161342-3c85-4e06-abcb-c47c61a0a4b0" testListId="8c84fa94-04c1-424b-9868-57a2d4851a1d" />
    <TestEntry testId="fb0fc586-be16-4463-8126-15255a51b0a4" executionId="c6883533-4aa9-4fdf-a117-2f3fd648226e" testListId="8c84fa94-04c1-424b-9868-57a2d4851a1d" />
  </TestEntries>
  <Results>
    <UnitTestResult executionId="c9aa5fad-f178-4c6f-ac9d-3d8c22366dc4" testId="29b0ca97-3cb5-9d24-a8a0-1dc3f000abb4" testName="RemoveNodeTest" computerName="ABACZYK" duration="00:00:00.0180100" startTime="2013-01-29T10:45:01.5671802-05:00" endTime="2013-01-29T10:45:01.7471802-05:00" testType="13cdc9d9-ddb5-4fa4-a97d-d965ccfc6d4b" outcome="Inconclusive" testListId="8c84fa94-04c1-424b-9868-57a2d4851a1d" relativeResultsDirectory="c9aa5fad-f178-4c6f-ac9d-3d8c22366dc4">
      <Output>
        <ErrorInfo>
          <Message>Assert.Inconclusive failed. A method that does not return a value cannot be verified.</Message>
          <StackTrace>   at SingleLinkedListTest.SingleLinkedListTest.RemoveNodeTest() in C:\Users\abaczyk\documents\visual studio 2010\Projects\DataStructures\SingleLinkedListTest\SingleLinkedListTest.cs:line 124
</StackTrace>
        </ErrorInfo>
      </Output>
    </UnitTestResult>
    <UnitTestResult executionId="750d260b-2c72-4daf-8aef-42cda4181870" testId="3c4c63c0-8fc2-7b44-504a-8064f4eabbfe" testName="AddNewNodeTest" computerName="ABACZYK" duration="00:00:00.0009082" startTime="2013-01-29T10:45:01.7491802-05:00" endTime="2013-01-29T10:45:01.7531802-05:00" testType="13cdc9d9-ddb5-4fa4-a97d-d965ccfc6d4b" outcome="Inconclusive" testListId="8c84fa94-04c1-424b-9868-57a2d4851a1d" relativeResultsDirectory="750d260b-2c72-4daf-8aef-42cda4181870">
      <Output>
        <ErrorInfo>
          <Message>Assert.Inconclusive failed. A method that does not return a value cannot be verified.</Message>
          <StackTrace>   at SingleLinkedListTest.SingleLinkedListTest.AddNewNodeTest() in C:\Users\abaczyk\documents\visual studio 2010\Projects\DataStructures\SingleLinkedListTest\SingleLinkedListTest.cs:line 97
</StackTrace>
        </ErrorInfo>
      </Output>
    </UnitTestResult>
    <UnitTestResult executionId="1c173f4e-4566-472c-99c0-88445ad5196f" testId="b4806e03-c1fd-80ca-c3e0-dd6108ff14cf" testName="SingleLinkedListConstructorTest1" computerName="ABACZYK" duration="00:00:00.0002095" startTime="2013-01-29T10:45:01.7551802-05:00" endTime="2013-01-29T10:45:01.7571802-05:00" testType="13cdc9d9-ddb5-4fa4-a97d-d965ccfc6d4b" outcome="Passed" testListId="8c84fa94-04c1-424b-9868-57a2d4851a1d" relativeResultsDirectory="1c173f4e-4566-472c-99c0-88445ad5196f">
    </UnitTestResult>
    <UnitTestResult executionId="07161342-3c85-4e06-abcb-c47c61a0a4b0" testId="c0ed2b7a-1002-ba1b-d79d-71c3e99ee85c" testName="SingleLinkedListConstructorTest" computerName="ABACZYK" duration="00:00:00.0004160" startTime="2013-01-29T10:45:01.7591802-05:00" endTime="2013-01-29T10:45:01.7621802-05:00" testType="13cdc9d9-ddb5-4fa4-a97d-d965ccfc6d4b" outcome="Passed" testListId="8c84fa94-04c1-424b-9868-57a2d4851a1d" relativeResultsDirectory="07161342-3c85-4e06-abcb-c47c61a0a4b0">
    </UnitTestResult>
    <UnitTestResult executionId="c6883533-4aa9-4fdf-a117-2f3fd648226e" testId="fb0fc586-be16-4463-8126-15255a51b0a4" testName="FindNodeTest" computerName="ABACZYK" duration="00:00:00.0006795" startTime="2013-01-29T10:45:01.7641802-05:00" endTime="2013-01-29T10:45:01.7661802-05:00" testType="13cdc9d9-ddb5-4fa4-a97d-d965ccfc6d4b" outcome="Inconclusive" testListId="8c84fa94-04c1-424b-9868-57a2d4851a1d" relativeResultsDirectory="c6883533-4aa9-4fdf-a117-2f3fd648226e">
      <Output>
        <ErrorInfo>
          <Message>Assert.Inconclusive failed. Verify the correctness of this test method.</Message>
          <StackTrace>   at SingleLinkedListTest.SingleLinkedListTest.FindNodeTest() in C:\Users\abaczyk\documents\visual studio 2010\Projects\DataStructures\SingleLinkedListTest\SingleLinkedListTest.cs:line 112
</StackTrace>
        </ErrorInfo>
      </Output>
    </UnitTestResult>
  </Results>
</TestRun>